[debug] [2026-05-12T20:47:31.046Z] ----------------------------------------------------------------------
[debug] [2026-05-12T20:47:31.048Z] Command:       C:\Program Files\nodejs\node.exe C:\Users\daepi\AppData\Roaming\npm\node_modules\firebase-tools\lib\bin\firebase.js init hosting
[debug] [2026-05-12T20:47:31.048Z] CLI Version:   15.17.0
[debug] [2026-05-12T20:47:31.048Z] Platform:      win32
[debug] [2026-05-12T20:47:31.048Z] Node Version:  v24.13.0
[debug] [2026-05-12T20:47:31.048Z] Time:          Tue May 12 2026 16:47:31 GMT-0400 (Eastern Daylight Time)
[debug] [2026-05-12T20:47:31.048Z] ----------------------------------------------------------------------
[debug] 
[info] 
     ######## #### ########  ######## ########     ###     ######  ########
     ##        ##  ##     ## ##       ##     ##  ##   ##  ##       ##
     ######    ##  ########  ######   ########  #########  ######  ######
     ##        ##  ##    ##  ##       ##     ## ##     ##       ## ##
     ##       #### ##     ## ######## ########  ##     ##  ######  ########

You're about to initialize a Firebase project in this directory:

  C:\Users\daepi\OneDrive\Pictures\Documents\GitHub\BookWare\mysite

[info] 
=== Project Setup
[info] 
[info] First, let's associate this project directory with a Firebase project.
[info] You can create multiple project aliases by running firebase use --add, 
[info] 
[info] i  If you want to create a project in a Google Cloud organization or folder, please use "firebase projects:create" instead, and return to this command when you've created the project. 
[debug] [2026-05-12T20:47:43.876Z] > command requires scopes: ["email","openid","https://www.googleapis.com/auth/cloudplatformprojects.readonly","https://www.googleapis.com/auth/firebase","https://www.googleapis.com/auth/cloud-platform"]
[debug] [2026-05-12T20:47:43.877Z] > authorizing via signed-in user (sarvinsukhe@gmail.com)
[debug] [2026-05-12T20:47:59.717Z] Checked if tokens are valid: true, expires at: 1778622118444
[debug] [2026-05-12T20:47:59.717Z] Checked if tokens are valid: true, expires at: 1778622118444
[debug] [2026-05-12T20:47:59.719Z] >>> [apiv2][query] POST https://firebase.googleapis.com/v1/projects:checkProjectId [none]
[debug] [2026-05-12T20:47:59.719Z] >>> [apiv2][body] POST https://firebase.googleapis.com/v1/projects:checkProjectId {"proposedId":"bookware-site"}
[debug] [2026-05-12T20:48:00.176Z] <<< [apiv2][status] POST https://firebase.googleapis.com/v1/projects:checkProjectId 200
[debug] [2026-05-12T20:48:00.177Z] <<< [apiv2][body] POST https://firebase.googleapis.com/v1/projects:checkProjectId {"projectIdStatus":"PROJECT_ID_UNAVAILABLE","suggestedProjectId":"bookware-site-d8f0d"}
[debug] [2026-05-12T20:48:15.372Z] ExitPromptError: User force closed the prompt with SIGINT
    at Interface.sigint (C:\Users\daepi\AppData\Roaming\npm\node_modules\firebase-tools\node_modules\@inquirer\core\dist\commonjs\lib\create-prompt.js:101:37)
    at Interface.emit (node:events:508:28)
    at [_ttyWrite] [as _ttyWrite] (node:internal/readline/interface:1327:18)
    at ReadStream.onkeypress (node:internal/readline/interface:284:20)
    at ReadStream.emit (node:events:520:35)
    at emitKeys (node:internal/readline/utils:371:14)
    at emitKeys.next (<anonymous>)
    at ReadStream.onData (node:internal/readline/emitKeypressEvents:64:36)
    at ReadStream.emit (node:events:508:28)
    at addChunk (node:internal/streams/readable:559:12)
[error] 
[error] Error: An unexpected error has occurred.
[debug] [2026-05-12T20:48:18.408Z] ----------------------------------------------------------------------
[debug] [2026-05-12T20:48:18.410Z] Command:       C:\Program Files\nodejs\node.exe C:\Users\daepi\AppData\Roaming\npm\node_modules\firebase-tools\lib\bin\firebase.js init hosting
[debug] [2026-05-12T20:48:18.410Z] CLI Version:   15.17.0
[debug] [2026-05-12T20:48:18.410Z] Platform:      win32
[debug] [2026-05-12T20:48:18.411Z] Node Version:  v24.13.0
[debug] [2026-05-12T20:48:18.411Z] Time:          Tue May 12 2026 16:48:18 GMT-0400 (Eastern Daylight Time)
[debug] [2026-05-12T20:48:18.411Z] ----------------------------------------------------------------------
[debug] 
[info] 
     ######## #### ########  ######## ########     ###     ######  ########
     ##        ##  ##     ## ##       ##     ##  ##   ##  ##       ##
     ######    ##  ########  ######   ########  #########  ######  ######
     ##        ##  ##    ##  ##       ##     ## ##     ##       ## ##
     ##       #### ##     ## ######## ########  ##     ##  ######  ########

You're about to initialize a Firebase project in this directory:

  C:\Users\daepi\OneDrive\Pictures\Documents\GitHub\BookWare\mysite

[info] 
=== Project Setup
[info] 
[info] First, let's associate this project directory with a Firebase project.
[info] You can create multiple project aliases by running firebase use --add, 
[info] 
[debug] [2026-05-12T20:48:24.296Z] > command requires scopes: ["email","openid","https://www.googleapis.com/auth/cloudplatformprojects.readonly","https://www.googleapis.com/auth/firebase","https://www.googleapis.com/auth/cloud-platform"]
[debug] [2026-05-12T20:48:24.296Z] > authorizing via signed-in user (sarvinsukhe@gmail.com)
[debug] [2026-05-12T20:48:24.297Z] Checked if tokens are valid: true, expires at: 1778622118444
[debug] [2026-05-12T20:48:24.297Z] Checked if tokens are valid: true, expires at: 1778622118444
[debug] [2026-05-12T20:48:24.298Z] >>> [apiv2][query] GET https://firebase.googleapis.com/v1beta1/availableProjects pageSize=100
[debug] [2026-05-12T20:48:24.821Z] <<< [apiv2][status] GET https://firebase.googleapis.com/v1beta1/availableProjects 200
[debug] [2026-05-12T20:48:24.821Z] <<< [apiv2][body] GET https://firebase.googleapis.com/v1beta1/availableProjects [omitted]
[debug] [2026-05-12T20:48:31.288Z] Checked if tokens are valid: true, expires at: 1778622118444
[debug] [2026-05-12T20:48:31.288Z] Checked if tokens are valid: true, expires at: 1778622118444
[debug] [2026-05-12T20:48:31.288Z] >>> [apiv2][query] POST https://firebase.googleapis.com/v1beta1/projects/bookware-site:addFirebase [none]
[debug] [2026-05-12T20:48:31.682Z] <<< [apiv2][status] POST https://firebase.googleapis.com/v1beta1/projects/bookware-site:addFirebase 403
[debug] [2026-05-12T20:48:31.682Z] <<< [apiv2][body] POST https://firebase.googleapis.com/v1beta1/projects/bookware-site:addFirebase {"error":{"code":403,"message":"The caller does not have permission","status":"PERMISSION_DENIED"}}
[debug] [2026-05-12T20:48:31.683Z] Request to https://firebase.googleapis.com/v1beta1/projects/bookware-site:addFirebase had HTTP Error: 403, The caller does not have permission
[debug] [2026-05-12T20:48:31.907Z] FirebaseError: Request to https://firebase.googleapis.com/v1beta1/projects/bookware-site:addFirebase had HTTP Error: 403, The caller does not have permission
    at responseToError (C:\Users\daepi\AppData\Roaming\npm\node_modules\firebase-tools\lib\responseToError.js:53:12)
    at RetryOperation._fn (C:\Users\daepi\AppData\Roaming\npm\node_modules\firebase-tools\lib\apiv2.js:333:77)
    at process.processTicksAndRejections (node:internal/process/task_queues:103:5)
[error] 
[error] Error: Failed to add Firebase to Google Cloud Platform project. See firebase-debug.log for more info.
[debug] [2026-05-12T20:52:27.550Z] ----------------------------------------------------------------------
[debug] [2026-05-12T20:52:27.552Z] Command:       C:\Program Files\nodejs\node.exe C:\Users\daepi\AppData\Roaming\npm\node_modules\firebase-tools\lib\bin\firebase.js init hosting
[debug] [2026-05-12T20:52:27.553Z] CLI Version:   15.17.0
[debug] [2026-05-12T20:52:27.553Z] Platform:      win32
[debug] [2026-05-12T20:52:27.553Z] Node Version:  v24.13.0
[debug] [2026-05-12T20:52:27.553Z] Time:          Tue May 12 2026 16:52:27 GMT-0400 (Eastern Daylight Time)
[debug] [2026-05-12T20:52:27.553Z] ----------------------------------------------------------------------
[debug] 
[info] 
     ######## #### ########  ######## ########     ###     ######  ########
     ##        ##  ##     ## ##       ##     ##  ##   ##  ##       ##
     ######    ##  ########  ######   ########  #########  ######  ######
     ##        ##  ##    ##  ##       ##     ## ##     ##       ## ##
     ##       #### ##     ## ######## ########  ##     ##  ######  ########

You're about to initialize a Firebase project in this directory:

  C:\Users\daepi\OneDrive\Pictures\Documents\GitHub\BookWare\mysite

[info] 
=== Project Setup
[info] 
[info] First, let's associate this project directory with a Firebase project.
[info] You can create multiple project aliases by running firebase use --add, 
[info] 
[debug] [2026-05-12T20:52:33.616Z] > command requires scopes: ["email","openid","https://www.googleapis.com/auth/cloudplatformprojects.readonly","https://www.googleapis.com/auth/firebase","https://www.googleapis.com/auth/cloud-platform"]
[debug] [2026-05-12T20:52:33.616Z] > authorizing via signed-in user (sarvinsukhe@gmail.com)
[debug] [2026-05-12T20:52:33.617Z] Checked if tokens are valid: true, expires at: 1778622118444
[debug] [2026-05-12T20:52:33.617Z] Checked if tokens are valid: true, expires at: 1778622118444
[debug] [2026-05-12T20:52:33.618Z] >>> [apiv2][query] GET https://firebase.googleapis.com/v1beta1/availableProjects pageSize=100
[debug] [2026-05-12T20:52:36.101Z] <<< [apiv2][status] GET https://firebase.googleapis.com/v1beta1/availableProjects 200
[debug] [2026-05-12T20:52:36.102Z] <<< [apiv2][body] GET https://firebase.googleapis.com/v1beta1/availableProjects [omitted]
[debug] [2026-05-12T20:52:38.729Z] Checked if tokens are valid: true, expires at: 1778622118444
[debug] [2026-05-12T20:52:38.729Z] Checked if tokens are valid: true, expires at: 1778622118444
[debug] [2026-05-12T20:52:38.729Z] >>> [apiv2][query] POST https://firebase.googleapis.com/v1beta1/projects/bookware-site:addFirebase [none]
[debug] [2026-05-12T20:52:39.963Z] <<< [apiv2][status] POST https://firebase.googleapis.com/v1beta1/projects/bookware-site:addFirebase 200
[debug] [2026-05-12T20:52:39.964Z] <<< [apiv2][body] POST https://firebase.googleapis.com/v1beta1/projects/bookware-site:addFirebase {"name":"operations/workflows/M2E3N2NhMGMtMDA0Ny00MjBiLWIyYWItY2QxOTQ1NDllMmFk"}
[debug] [2026-05-12T20:52:39.964Z] Checked if tokens are valid: true, expires at: 1778622118444
[debug] [2026-05-12T20:52:39.964Z] Checked if tokens are valid: true, expires at: 1778622118444
[debug] [2026-05-12T20:52:39.964Z] >>> [apiv2][query] GET https://firebase.googleapis.com/v1beta1/operations/workflows/M2E3N2NhMGMtMDA0Ny00MjBiLWIyYWItY2QxOTQ1NDllMmFk [none]
[debug] [2026-05-12T20:52:45.567Z] <<< [apiv2][status] GET https://firebase.googleapis.com/v1beta1/operations/workflows/M2E3N2NhMGMtMDA0Ny00MjBiLWIyYWItY2QxOTQ1NDllMmFk 200
[debug] [2026-05-12T20:52:45.567Z] <<< [apiv2][body] GET https://firebase.googleapis.com/v1beta1/operations/workflows/M2E3N2NhMGMtMDA0Ny00MjBiLWIyYWItY2QxOTQ1NDllMmFk {"name":"operations/workflows/M2E3N2NhMGMtMDA0Ny00MjBiLWIyYWItY2QxOTQ1NDllMmFk"}
[debug] [2026-05-12T20:52:46.082Z] [Add Firebase Poller] Retrying task index 0
[debug] [2026-05-12T20:52:46.082Z] Checked if tokens are valid: true, expires at: 1778622118444
[debug] [2026-05-12T20:52:46.083Z] Checked if tokens are valid: true, expires at: 1778622118444
[debug] [2026-05-12T20:52:46.083Z] >>> [apiv2][query] GET https://firebase.googleapis.com/v1beta1/operations/workflows/M2E3N2NhMGMtMDA0Ny00MjBiLWIyYWItY2QxOTQ1NDllMmFk [none]
[debug] [2026-05-12T20:52:46.536Z] <<< [apiv2][status] GET https://firebase.googleapis.com/v1beta1/operations/workflows/M2E3N2NhMGMtMDA0Ny00MjBiLWIyYWItY2QxOTQ1NDllMmFk 200
[debug] [2026-05-12T20:52:46.536Z] <<< [apiv2][body] GET https://firebase.googleapis.com/v1beta1/operations/workflows/M2E3N2NhMGMtMDA0Ny00MjBiLWIyYWItY2QxOTQ1NDllMmFk {"name":"operations/workflows/M2E3N2NhMGMtMDA0Ny00MjBiLWIyYWItY2QxOTQ1NDllMmFk"}
[debug] [2026-05-12T20:52:47.543Z] [Add Firebase Poller] Retrying task index 0
[debug] [2026-05-12T20:52:47.543Z] Checked if tokens are valid: true, expires at: 1778622118444
[debug] [2026-05-12T20:52:47.543Z] Checked if tokens are valid: true, expires at: 1778622118444
[debug] [2026-05-12T20:52:47.543Z] >>> [apiv2][query] GET https://firebase.googleapis.com/v1beta1/operations/workflows/M2E3N2NhMGMtMDA0Ny00MjBiLWIyYWItY2QxOTQ1NDllMmFk [none]
[debug] [2026-05-12T20:52:47.786Z] <<< [apiv2][status] GET https://firebase.googleapis.com/v1beta1/operations/workflows/M2E3N2NhMGMtMDA0Ny00MjBiLWIyYWItY2QxOTQ1NDllMmFk 200
[debug] [2026-05-12T20:52:47.786Z] <<< [apiv2][body] GET https://firebase.googleapis.com/v1beta1/operations/workflows/M2E3N2NhMGMtMDA0Ny00MjBiLWIyYWItY2QxOTQ1NDllMmFk {"name":"operations/workflows/M2E3N2NhMGMtMDA0Ny00MjBiLWIyYWItY2QxOTQ1NDllMmFk"}
[debug] [2026-05-12T20:52:49.800Z] [Add Firebase Poller] Retrying task index 0
[debug] [2026-05-12T20:52:49.800Z] Checked if tokens are valid: true, expires at: 1778622118444
[debug] [2026-05-12T20:52:49.800Z] Checked if tokens are valid: true, expires at: 1778622118444
[debug] [2026-05-12T20:52:49.800Z] >>> [apiv2][query] GET https://firebase.googleapis.com/v1beta1/operations/workflows/M2E3N2NhMGMtMDA0Ny00MjBiLWIyYWItY2QxOTQ1NDllMmFk [none]
[debug] [2026-05-12T20:52:50.067Z] <<< [apiv2][status] GET https://firebase.googleapis.com/v1beta1/operations/workflows/M2E3N2NhMGMtMDA0Ny00MjBiLWIyYWItY2QxOTQ1NDllMmFk 200
[debug] [2026-05-12T20:52:50.067Z] <<< [apiv2][body] GET https://firebase.googleapis.com/v1beta1/operations/workflows/M2E3N2NhMGMtMDA0Ny00MjBiLWIyYWItY2QxOTQ1NDllMmFk {"name":"operations/workflows/M2E3N2NhMGMtMDA0Ny00MjBiLWIyYWItY2QxOTQ1NDllMmFk"}
[debug] [2026-05-12T20:52:54.069Z] [Add Firebase Poller] Retrying task index 0
[debug] [2026-05-12T20:52:54.070Z] Checked if tokens are valid: true, expires at: 1778622118444
[debug] [2026-05-12T20:52:54.070Z] Checked if tokens are valid: true, expires at: 1778622118444
[debug] [2026-05-12T20:52:54.070Z] >>> [apiv2][query] GET https://firebase.googleapis.com/v1beta1/operations/workflows/M2E3N2NhMGMtMDA0Ny00MjBiLWIyYWItY2QxOTQ1NDllMmFk [none]
[debug] [2026-05-12T20:52:54.330Z] <<< [apiv2][status] GET https://firebase.googleapis.com/v1beta1/operations/workflows/M2E3N2NhMGMtMDA0Ny00MjBiLWIyYWItY2QxOTQ1NDllMmFk 200
[debug] [2026-05-12T20:52:54.331Z] <<< [apiv2][body] GET https://firebase.googleapis.com/v1beta1/operations/workflows/M2E3N2NhMGMtMDA0Ny00MjBiLWIyYWItY2QxOTQ1NDllMmFk {"name":"operations/workflows/M2E3N2NhMGMtMDA0Ny00MjBiLWIyYWItY2QxOTQ1NDllMmFk","done":true,"response":{"@type":"type.googleapis.com/google.firebase.service.v1beta1.FirebaseProject","projectId":"bookware-site","projectNumber":"658106243492","displayName":"bookware-site","name":"projects/bookware-site","resources":{"hostingSite":"bookware-site"}}}
[info] 
[info] === Your Firebase project is ready! ===
[info] 
[info] Project information:
[info]    - Project ID: bookware-site
[info]    - Project Name: bookware-site
[info] 
[info] Firebase console is available at
[info] https://console.firebase.google.com/project/bookware-site/overview
[info] 
=== Hosting Setup
[debug] [2026-05-12T20:52:54.339Z] Checked if tokens are valid: true, expires at: 1778622118444
[debug] [2026-05-12T20:52:54.339Z] Checked if tokens are valid: true, expires at: 1778622118444
[debug] [2026-05-12T20:52:54.339Z] >>> [apiv2][query] GET https://firebase.googleapis.com/v1beta1/projects/bookware-site [none]
[debug] [2026-05-12T20:52:54.520Z] <<< [apiv2][status] GET https://firebase.googleapis.com/v1beta1/projects/bookware-site 200
[debug] [2026-05-12T20:52:54.520Z] <<< [apiv2][body] GET https://firebase.googleapis.com/v1beta1/projects/bookware-site {"projectId":"bookware-site","projectNumber":"658106243492","displayName":"bookware-site","name":"projects/bookware-site","resources":{"hostingSite":"bookware-site"},"state":"ACTIVE","etag":"1_8a83af77-7c91-4dfb-8ba8-85c8b990350d"}
[info] 
[info] Your public directory is the folder (relative to your project directory) that
[info] will contain Hosting assets to be uploaded with firebase deploy. If you
[info] have a build process for your assets, use your build's output directory.
[info] 
[info] 
[info] i  Detected a .git folder at C:\Users\daepi\OneDrive\Pictures\Documents\GitHub\BookWare 
[info] i  Authorizing with GitHub to upload your service account to a GitHub repository's secrets store. 
[info] 
[info] Visit this URL on this device to log in:
[info] https://github.com/login/oauth/authorize?client_id=89cf50f02ac6aaed3484&state=69112100&redirect_uri=http%3A%2F%2Flocalhost%3A9005&scope=read%3Auser%20repo%20public_repo
[info] 
[info] Waiting for authentication...
[debug] [2026-05-12T20:56:08.680Z] >>> [apiv2][query] POST https://github.com/login/oauth/access_token [none]
[debug] [2026-05-12T20:56:08.680Z] >>> [apiv2][body] POST https://github.com/login/oauth/access_token [stream]
[debug] [2026-05-12T20:56:09.038Z] <<< [apiv2][status] POST https://github.com/login/oauth/access_token 200
[debug] [2026-05-12T20:56:09.039Z] <<< [apiv2][body] POST https://github.com/login/oauth/access_token {"access_token":"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","token_type":"bearer","scope":"read:user,repo"}
[debug] [2026-05-12T20:56:09.041Z] >>> [apiv2][query] GET https://api.github.com/user [none]
[debug] [2026-05-12T20:56:09.460Z] <<< [apiv2][status] GET https://api.github.com/user 200
[debug] [2026-05-12T20:56:09.460Z] <<< [apiv2][body] GET https://api.github.com/user {"login":"DaEpickid540","id":158646727,"node_id":"U_kgDOCXTBxw","avatar_url":"https://avatars.githubusercontent.com/u/158646727?v=4","gravatar_id":"","url":"https://api.github.com/users/DaEpickid540","html_url":"https://github.com/DaEpickid540","followers_url":"https://api.github.com/users/DaEpickid540/followers","following_url":"https://api.github.com/users/DaEpickid540/following{/other_user}","gists_url":"https://api.github.com/users/DaEpickid540/gists{/gist_id}","starred_url":"https://api.github.com/users/DaEpickid540/starred{/owner}{/repo}","subscriptions_url":"https://api.github.com/users/DaEpickid540/subscriptions","organizations_url":"https://api.github.com/users/DaEpickid540/orgs","repos_url":"https://api.github.com/users/DaEpickid540/repos","events_url":"https://api.github.com/users/DaEpickid540/events{/privacy}","received_events_url":"https://api.github.com/users/DaEpickid540/received_events","type":"User","user_view_type":"private","site_admin":false,"name":null,"company":null,"blog":"","location":null,"email":null,"hireable":null,"bio":null,"twitter_username":null,"notification_email":null,"public_repos":12,"public_gists":0,"followers":0,"following":0,"created_at":"2024-02-03T01:06:25Z","updated_at":"2026-05-08T14:12:20Z","private_gists":0,"total_private_repos":2,"owned_private_repos":2,"disk_usage":63555,"collaborators":0,"two_factor_authentication":false,"plan":{"name":"free","space":976562499,"collaborators":0,"private_repos":10000}}
[info] 
[info] +  Success! Logged into GitHub as DaEpickid540 
[info] 
